This is XeTeX, Version 3.141592653-2.6-0.999996 (TeX Live 2024) (preloaded format=xelatex 2024.9.16)  16 SEP 2024 16:06
entering extended mode
 restricted \write18 enabled.
 %&-line parsing enabled.
**sequencing_intro.tex
(./sequencing_intro.tex
LaTeX2e <2024-06-01> patch level 2
L3 programming layer <2024-08-30>
(/home/runner/.TinyTeX/texmf-dist/tex/latex/base/article.cls
Document Class: article 2024/02/08 v1.4n Standard LaTeX document class
(/home/runner/.TinyTeX/texmf-dist/tex/latex/base/size10.clo
File: size10.clo 2024/02/08 v1.4n Standard LaTeX file (size option)
)
\c@part=\count190
\c@section=\count191
\c@subsection=\count192
\c@subsubsection=\count193
\c@paragraph=\count194
\c@subparagraph=\count195
\c@figure=\count196
\c@table=\count197
\abovecaptionskip=\skip49
\belowcaptionskip=\skip50
\bibindent=\dimen141
) (/home/runner/.TinyTeX/texmf-dist/tex/latex/amsmath/amsmath.sty
Package: amsmath 2024/05/23 v2.17q AMS math features
\@mathmargin=\skip51
For additional information on amsmath, use the `?' option.
(/home/runner/.TinyTeX/texmf-dist/tex/latex/amsmath/amstext.sty
Package: amstext 2021/08/26 v2.01 AMS text
(/home/runner/.TinyTeX/texmf-dist/tex/latex/amsmath/amsgen.sty
File: amsgen.sty 1999/11/30 v2.0 generic functions
\@emptytoks=\toks17
\ex@=\dimen142
)) (/home/runner/.TinyTeX/texmf-dist/tex/latex/amsmath/amsbsy.sty
Package: amsbsy 1999/11/29 v1.2d Bold Symbols
\pmbraise@=\dimen143
) (/home/runner/.TinyTeX/texmf-dist/tex/latex/amsmath/amsopn.sty
Package: amsopn 2022/04/08 v2.04 operator names
)
\inf@bad=\count198
LaTeX Info: Redefining \frac on input line 233.
\uproot@=\count199
\leftroot@=\count266
LaTeX Info: Redefining \overline on input line 398.
LaTeX Info: Redefining \colon on input line 409.
\classnum@=\count267
\DOTSCASE@=\count268
LaTeX Info: Redefining \ldots on input line 495.
LaTeX Info: Redefining \dots on input line 498.
LaTeX Info: Redefining \cdots on input line 619.
\Mathstrutbox@=\box52
\strutbox@=\box53
LaTeX Info: Redefining \big on input line 721.
LaTeX Info: Redefining \Big on input line 722.
LaTeX Info: Redefining \bigg on input line 723.
LaTeX Info: Redefining \Bigg on input line 724.
\big@size=\dimen144
LaTeX Font Info:    Redeclaring font encoding OML on input line 742.
LaTeX Font Info:    Redeclaring font encoding OMS on input line 743.
\macc@depth=\count269
LaTeX Info: Redefining \bmod on input line 904.
LaTeX Info: Redefining \pmod on input line 909.
LaTeX Info: Redefining \smash on input line 939.
LaTeX Info: Redefining \relbar on input line 969.
LaTeX Info: Redefining \Relbar on input line 970.
\c@MaxMatrixCols=\count270
\dotsspace@=\muskip17
\c@parentequation=\count271
\dspbrk@lvl=\count272
\tag@help=\toks18
\row@=\count273
\column@=\count274
\maxfields@=\count275
\andhelp@=\toks19
\eqnshift@=\dimen145
\alignsep@=\dimen146
\tagshift@=\dimen147
\tagwidth@=\dimen148
\totwidth@=\dimen149
\lineht@=\dimen150
\@envbody=\toks20
\multlinegap=\skip52
\multlinetaggap=\skip53
\mathdisplay@stack=\toks21
LaTeX Info: Redefining \[ on input line 2953.
LaTeX Info: Redefining \] on input line 2954.
) (/home/runner/.TinyTeX/texmf-dist/tex/latex/amsfonts/amssymb.sty
Package: amssymb 2013/01/14 v3.01 AMS font symbols
(/home/runner/.TinyTeX/texmf-dist/tex/latex/amsfonts/amsfonts.sty
Package: amsfonts 2013/01/14 v3.01 Basic AMSFonts support
\symAMSa=\mathgroup4
\symAMSb=\mathgroup5
LaTeX Font Info:    Redeclaring math symbol \hbar on input line 98.
LaTeX Font Info:    Overwriting math alphabet `\mathfrak' in version `bold'
(Font)                  U/euf/m/n --> U/euf/b/n on input line 106.
)) (/home/runner/.TinyTeX/texmf-dist/tex/generic/iftex/iftex.sty
Package: iftex 2022/02/03 v1.0f TeX engine tests
) (/home/runner/.TinyTeX/texmf-dist/tex/latex/unicode-math/unicode-math.sty (/home/runner/.TinyTeX/texmf-dist/tex/latex/l3kernel/expl3.sty
Package: expl3 2024-08-30 L3 programming layer (loader) 
(/home/runner/.TinyTeX/texmf-dist/tex/latex/l3backend/l3backend-xetex.def
File: l3backend-xetex.def 2024-05-08 L3 backend support: XeTeX
\g__graphics_track_int=\count276
\l__pdf_internal_box=\box54
\g__pdf_backend_annotation_int=\count277
\g__pdf_backend_link_int=\count278
))
Package: unicode-math 2023/08/13 v0.8r Unicode maths in XeLaTeX and LuaLaTeX
(/home/runner/.TinyTeX/texmf-dist/tex/latex/unicode-math/unicode-math-xetex.sty
Package: unicode-math-xetex 2023/08/13 v0.8r Unicode maths in XeLaTeX and LuaLaTeX
(/home/runner/.TinyTeX/texmf-dist/tex/latex/l3packages/xparse/xparse.sty
Package: xparse 2024-08-16 L3 Experimental document command parser
) (/home/runner/.TinyTeX/texmf-dist/tex/latex/l3packages/l3keys2e/l3keys2e.sty
Package: l3keys2e 2024-08-16 LaTeX2e option processing using LaTeX3 keys
) (/home/runner/.TinyTeX/texmf-dist/tex/latex/fontspec/fontspec.sty
Package: fontspec 2024/05/11 v2.9e Font selection for XeLaTeX and LuaLaTeX
(/home/runner/.TinyTeX/texmf-dist/tex/latex/fontspec/fontspec-xetex.sty
Package: fontspec-xetex 2024/05/11 v2.9e Font selection for XeLaTeX and LuaLaTeX
\l__fontspec_script_int=\count279
\l__fontspec_language_int=\count280
\l__fontspec_strnum_int=\count281
\l__fontspec_tmp_int=\count282
\l__fontspec_tmpa_int=\count283
\l__fontspec_tmpb_int=\count284
\l__fontspec_tmpc_int=\count285
\l__fontspec_em_int=\count286
\l__fontspec_emdef_int=\count287
\l__fontspec_strong_int=\count288
\l__fontspec_strongdef_int=\count289
\l__fontspec_tmpa_dim=\dimen151
\l__fontspec_tmpb_dim=\dimen152
\l__fontspec_tmpc_dim=\dimen153
(/home/runner/.TinyTeX/texmf-dist/tex/latex/base/fontenc.sty
Package: fontenc 2021/04/29 v2.0v Standard LaTeX package
) (/home/runner/.TinyTeX/texmf-dist/tex/latex/fontspec/fontspec.cfg))) (/home/runner/.TinyTeX/texmf-dist/tex/latex/base/fix-cm.sty
Package: fix-cm 2020/11/24 v1.1t fixes to LaTeX
(/home/runner/.TinyTeX/texmf-dist/tex/latex/base/ts1enc.def
File: ts1enc.def 2001/06/05 v3.0e (jk/car/fm) Standard LaTeX file
LaTeX Font Info:    Redeclaring font encoding TS1 on input line 47.
))
\g__um_fam_int=\count290
\g__um_fonts_used_int=\count291
\l__um_primecount_int=\count292
\g__um_primekern_muskip=\muskip18
(/home/runner/.TinyTeX/texmf-dist/tex/latex/unicode-math/unicode-math-table.tex))) (/home/runner/.TinyTeX/texmf-dist/tex/latex/lm/lmodern.sty
Package: lmodern 2015/05/01 v1.6.1 Latin Modern Fonts
LaTeX Font Info:    Overwriting symbol font `operators' in version `normal'
(Font)                  OT1/cmr/m/n --> OT1/lmr/m/n on input line 22.
LaTeX Font Info:    Overwriting symbol font `letters' in version `normal'
(Font)                  OML/cmm/m/it --> OML/lmm/m/it on input line 23.
LaTeX Font Info:    Overwriting symbol font `symbols' in version `normal'
(Font)                  OMS/cmsy/m/n --> OMS/lmsy/m/n on input line 24.
LaTeX Font Info:    Overwriting symbol font `largesymbols' in version `normal'
(Font)                  OMX/cmex/m/n --> OMX/lmex/m/n on input line 25.
LaTeX Font Info:    Overwriting symbol font `operators' in version `bold'
(Font)                  OT1/cmr/bx/n --> OT1/lmr/bx/n on input line 26.
LaTeX Font Info:    Overwriting symbol font `letters' in version `bold'
(Font)                  OML/cmm/b/it --> OML/lmm/b/it on input line 27.
LaTeX Font Info:    Overwriting symbol font `symbols' in version `bold'
(Font)                  OMS/cmsy/b/n --> OMS/lmsy/b/n on input line 28.
LaTeX Font Info:    Overwriting symbol font `largesymbols' in version `bold'
(Font)                  OMX/cmex/m/n --> OMX/lmex/m/n on input line 29.
LaTeX Font Info:    Overwriting math alphabet `\mathbf' in version `normal'
(Font)                  OT1/cmr/bx/n --> OT1/lmr/bx/n on input line 31.
LaTeX Font Info:    Overwriting math alphabet `\mathsf' in version `normal'
(Font)                  OT1/cmss/m/n --> OT1/lmss/m/n on input line 32.
LaTeX Font Info:    Overwriting math alphabet `\mathit' in version `normal'
(Font)                  OT1/cmr/m/it --> OT1/lmr/m/it on input line 33.
LaTeX Font Info:    Overwriting math alphabet `\mathtt' in version `normal'
(Font)                  OT1/cmtt/m/n --> OT1/lmtt/m/n on input line 34.
LaTeX Font Info:    Overwriting math alphabet `\mathbf' in version `bold'
(Font)                  OT1/cmr/bx/n --> OT1/lmr/bx/n on input line 35.
LaTeX Font Info:    Overwriting math alphabet `\mathsf' in version `bold'
(Font)                  OT1/cmss/bx/n --> OT1/lmss/bx/n on input line 36.
LaTeX Font Info:    Overwriting math alphabet `\mathit' in version `bold'
(Font)                  OT1/cmr/bx/it --> OT1/lmr/bx/it on input line 37.
LaTeX Font Info:    Overwriting math alphabet `\mathtt' in version `bold'
(Font)                  OT1/cmtt/m/n --> OT1/lmtt/m/n on input line 38.
) (/home/runner/.TinyTeX/texmf-dist/tex/latex/xcolor/xcolor.sty
Package: xcolor 2023/11/15 v3.01 LaTeX color extensions (UK)
(/home/runner/.TinyTeX/texmf-dist/tex/latex/graphics-cfg/color.cfg
File: color.cfg 2016/01/02 v1.6 sample color configuration
)
Package xcolor Info: Driver file: xetex.def on input line 274.
(/home/runner/.TinyTeX/texmf-dist/tex/latex/graphics-def/xetex.def
File: xetex.def 2022/09/22 v5.0n Graphics/color driver for xetex
) (/home/runner/.TinyTeX/texmf-dist/tex/latex/graphics/mathcolor.ltx)
Package xcolor Info: Model `cmy' substituted by `cmy0' on input line 1350.
Package xcolor Info: Model `RGB' extended on input line 1366.
Package xcolor Info: Model `HTML' substituted by `rgb' on input line 1368.
Package xcolor Info: Model `Hsb' substituted by `hsb' on input line 1369.
Package xcolor Info: Model `tHsb' substituted by `hsb' on input line 1370.
Package xcolor Info: Model `HSB' substituted by `hsb' on input line 1371.
Package xcolor Info: Model `Gray' substituted by `gray' on input line 1372.
Package xcolor Info: Model `wave' substituted by `hsb' on input line 1373.
) (/home/runner/.TinyTeX/texmf-dist/tex/latex/geometry/geometry.sty
Package: geometry 2020/01/02 v5.9 Page Geometry
(/home/runner/.TinyTeX/texmf-dist/tex/latex/graphics/keyval.sty
Package: keyval 2022/05/29 v1.15 key=value parser (DPC)
\KV@toks@=\toks22
) (/home/runner/.TinyTeX/texmf-dist/tex/generic/iftex/ifvtex.sty
Package: ifvtex 2019/10/25 v1.7 ifvtex legacy package. Use iftex instead.
)
\Gm@cnth=\count293
\Gm@cntv=\count294
\c@Gm@tempcnt=\count295
\Gm@bindingoffset=\dimen154
\Gm@wd@mp=\dimen155
\Gm@odd@mp=\dimen156
\Gm@even@mp=\dimen157
\Gm@layoutwidth=\dimen158
\Gm@layoutheight=\dimen159
\Gm@layouthoffset=\dimen160
\Gm@layoutvoffset=\dimen161
\Gm@dimlist=\toks23
) (/home/runner/.TinyTeX/texmf-dist/tex/latex/fancyvrb/fancyvrb.sty
Package: fancyvrb 2024/01/20 4.5c verbatim text (tvz,hv)
\FV@CodeLineNo=\count296
\FV@InFile=\read2
\FV@TabBox=\box55
\c@FancyVerbLine=\count297
\FV@StepNumber=\count298
\FV@OutFile=\write3
) (/home/runner/.TinyTeX/texmf-dist/tex/latex/framed/framed.sty
Package: framed 2011/10/22 v 0.96: framed or shaded text with page breaks
\OuterFrameSep=\skip54
\fb@frw=\dimen162
\fb@frh=\dimen163
\FrameRule=\dimen164
\FrameSep=\dimen165
) (/home/runner/.TinyTeX/texmf-dist/tex/latex/tools/longtable.sty
Package: longtable 2024-04-26 v4.20 Multi-page Table package (DPC)
\LTleft=\skip55
\LTright=\skip56
\LTpre=\skip57
\LTpost=\skip58
\LTchunksize=\count299
\LTcapwidth=\dimen166
\LT@head=\box56
\LT@firsthead=\box57
\LT@foot=\box58
\LT@lastfoot=\box59
\LT@gbox=\box60
\LT@cols=\count300
\LT@rows=\count301
\c@LT@tables=\count302
\c@LT@chunks=\count303
\LT@p@ftn=\toks24
) (/home/runner/.TinyTeX/texmf-dist/tex/latex/booktabs/booktabs.sty
Package: booktabs 2020/01/12 v1.61803398 Publication quality tables
\heavyrulewidth=\dimen167
\lightrulewidth=\dimen168
\cmidrulewidth=\dimen169
\belowrulesep=\dimen170
\belowbottomsep=\dimen171
\aboverulesep=\dimen172
\abovetopsep=\dimen173
\cmidrulesep=\dimen174
\cmidrulekern=\dimen175
\defaultaddspace=\dimen176
\@cmidla=\count304
\@cmidlb=\count305
\@aboverulesep=\dimen177
\@belowrulesep=\dimen178
\@thisruleclass=\count306
\@lastruleclass=\count307
\@thisrulewidth=\dimen179
) (/home/runner/.TinyTeX/texmf-dist/tex/latex/tools/array.sty
Package: array 2024/06/14 v2.6d Tabular extension package (FMi)
\col@sep=\dimen180
\ar@mcellbox=\box61
\extrarowheight=\dimen181
\NC@list=\toks25
\extratabsurround=\skip59
\backup@length=\skip60
\ar@cellbox=\box62
) (/home/runner/.TinyTeX/texmf-dist/tex/latex/tools/calc.sty
Package: calc 2023/07/08 v4.3 Infix arithmetic (KKT,FJ)
\calc@Acount=\count308
\calc@Bcount=\count309
\calc@Adimen=\dimen182
\calc@Bdimen=\dimen183
\calc@Askip=\skip61
\calc@Bskip=\skip62
LaTeX Info: Redefining \setlength on input line 80.
LaTeX Info: Redefining \addtolength on input line 81.
\calc@Ccount=\count310
\calc@Cskip=\skip63
) (/home/runner/.TinyTeX/texmf-dist/tex/latex/etoolbox/etoolbox.sty
Package: etoolbox 2020/10/05 v2.5k e-TeX tools for LaTeX (JAW)
\etb@tempcnta=\count311
) (/home/runner/.TinyTeX/texmf-dist/tex/latex/mdwtools/footnote.sty
Package: footnote 1997/01/28 1.13 Save footnotes around boxes
\fn@notes=\box63
\fn@width=\dimen184
) (/home/runner/.TinyTeX/texmf-dist/tex/latex/graphics/graphicx.sty
Package: graphicx 2021/09/16 v1.2d Enhanced LaTeX Graphics (DPC,SPQR)
(/home/runner/.TinyTeX/texmf-dist/tex/latex/graphics/graphics.sty
Package: graphics 2024/05/23 v1.4g Standard LaTeX Graphics (DPC,SPQR)
(/home/runner/.TinyTeX/texmf-dist/tex/latex/graphics/trig.sty
Package: trig 2023/12/02 v1.11 sin cos tan (DPC)
) (/home/runner/.TinyTeX/texmf-dist/tex/latex/graphics-cfg/graphics.cfg
File: graphics.cfg 2016/06/04 v1.11 sample graphics configuration
)
Package graphics Info: Driver file: xetex.def on input line 106.
)
\Gin@req@height=\dimen185
\Gin@req@width=\dimen186
) (/home/runner/.TinyTeX/texmf-dist/tex/latex/bookmark/bookmark.sty
Package: bookmark 2023-12-10 v1.31 PDF bookmarks (HO)
(/home/runner/.TinyTeX/texmf-dist/tex/latex/hyperref/hyperref.sty
Package: hyperref 2024-07-10 v7.01j Hypertext links for LaTeX
(/home/runner/.TinyTeX/texmf-dist/tex/latex/kvsetkeys/kvsetkeys.sty
Package: kvsetkeys 2022-10-05 v1.19 Key value parser (HO)
) (/home/runner/.TinyTeX/texmf-dist/tex/generic/kvdefinekeys/kvdefinekeys.sty
Package: kvdefinekeys 2019-12-19 v1.6 Define keys (HO)
) (/home/runner/.TinyTeX/texmf-dist/tex/generic/pdfescape/pdfescape.sty
Package: pdfescape 2019/12/09 v1.15 Implements pdfTeX's escape features (HO)
(/home/runner/.TinyTeX/texmf-dist/tex/generic/ltxcmds/ltxcmds.sty
Package: ltxcmds 2023-12-04 v1.26 LaTeX kernel commands for general use (HO)
) (/home/runner/.TinyTeX/texmf-dist/tex/generic/pdftexcmds/pdftexcmds.sty
Package: pdftexcmds 2020-06-27 v0.33 Utility functions of pdfTeX for LuaTeX (HO)
(/home/runner/.TinyTeX/texmf-dist/tex/generic/infwarerr/infwarerr.sty
Package: infwarerr 2019/12/03 v1.5 Providing info/warning/error messages (HO)
)
Package pdftexcmds Info: \pdf@primitive is available.
Package pdftexcmds Info: \pdf@ifprimitive is available.
Package pdftexcmds Info: \pdfdraftmode not found.
)) (/home/runner/.TinyTeX/texmf-dist/tex/latex/hycolor/hycolor.sty
Package: hycolor 2020-01-27 v1.10 Color options for hyperref/bookmark (HO)
) (/home/runner/.TinyTeX/texmf-dist/tex/latex/hyperref/nameref.sty
Package: nameref 2023-11-26 v2.56 Cross-referencing by name of section
(/home/runner/.TinyTeX/texmf-dist/tex/latex/refcount/refcount.sty
Package: refcount 2019/12/15 v3.6 Data extraction from label references (HO)
) (/home/runner/.TinyTeX/texmf-dist/tex/generic/gettitlestring/gettitlestring.sty
Package: gettitlestring 2019/12/15 v1.6 Cleanup title references (HO)
(/home/runner/.TinyTeX/texmf-dist/tex/latex/kvoptions/kvoptions.sty
Package: kvoptions 2022-06-15 v3.15 Key value format for package options (HO)
))
\c@section@level=\count312
) (/home/runner/.TinyTeX/texmf-dist/tex/generic/stringenc/stringenc.sty
Package: stringenc 2019/11/29 v1.12 Convert strings between diff. encodings (HO)
)
\@linkdim=\dimen187
\Hy@linkcounter=\count313
\Hy@pagecounter=\count314
(/home/runner/.TinyTeX/texmf-dist/tex/latex/hyperref/pd1enc.def
File: pd1enc.def 2024-07-10 v7.01j Hyperref: PDFDocEncoding definition (HO)
) (/home/runner/.TinyTeX/texmf-dist/tex/generic/intcalc/intcalc.sty
Package: intcalc 2019/12/15 v1.3 Expandable calculations with integers (HO)
)
\Hy@SavedSpaceFactor=\count315
(/home/runner/.TinyTeX/texmf-dist/tex/latex/hyperref/puenc.def
File: puenc.def 2024-07-10 v7.01j Hyperref: PDF Unicode definition (HO)
)
Package hyperref Info: Option `unicode' set `true' on input line 4040.
Package hyperref Info: Hyper figures OFF on input line 4157.
Package hyperref Info: Link nesting OFF on input line 4162.
Package hyperref Info: Hyper index ON on input line 4165.
Package hyperref Info: Plain pages OFF on input line 4172.
Package hyperref Info: Backreferencing OFF on input line 4177.
Package hyperref Info: Implicit mode ON; LaTeX internals redefined.
Package hyperref Info: Bookmarks ON on input line 4424.
\c@Hy@tempcnt=\count316
(/home/runner/.TinyTeX/texmf-dist/tex/latex/url/url.sty
\Urlmuskip=\muskip19
Package: url 2013/09/16  ver 3.4  Verb mode for urls, etc.
)
LaTeX Info: Redefining \url on input line 4763.
\XeTeXLinkMargin=\dimen188
(/home/runner/.TinyTeX/texmf-dist/tex/generic/bitset/bitset.sty
Package: bitset 2019/12/09 v1.3 Handle bit-vector datatype (HO)
(/home/runner/.TinyTeX/texmf-dist/tex/generic/bigintcalc/bigintcalc.sty
Package: bigintcalc 2019/12/15 v1.5 Expandable calculations on big integers (HO)
))
\Fld@menulength=\count317
\Field@Width=\dimen189
\Fld@charsize=\dimen190
Package hyperref Info: Hyper figures OFF on input line 6042.
Package hyperref Info: Link nesting OFF on input line 6047.
Package hyperref Info: Hyper index ON on input line 6050.
Package hyperref Info: backreferencing OFF on input line 6057.
Package hyperref Info: Link coloring OFF on input line 6062.
Package hyperref Info: Link coloring with OCG OFF on input line 6067.
Package hyperref Info: PDF/A mode OFF on input line 6072.
(/home/runner/.TinyTeX/texmf-dist/tex/latex/base/atbegshi-ltx.sty
Package: atbegshi-ltx 2021/01/10 v1.0c Emulation of the original atbegshi
package with kernel methods
)
\Hy@abspage=\count318
\c@Item=\count319
\c@Hfootnote=\count320
)
Package hyperref Info: Driver (autodetected): hxetex.
(/home/runner/.TinyTeX/texmf-dist/tex/latex/hyperref/hxetex.def
File: hxetex.def 2024-07-10 v7.01j Hyperref driver for XeTeX
\pdfm@box=\box64
\c@Hy@AnnotLevel=\count321
\HyField@AnnotCount=\count322
\Fld@listcount=\count323
\c@bookmark@seq@number=\count324
(/home/runner/.TinyTeX/texmf-dist/tex/latex/rerunfilecheck/rerunfilecheck.sty
Package: rerunfilecheck 2022-07-10 v1.10 Rerun checks for auxiliary files (HO)
(/home/runner/.TinyTeX/texmf-dist/tex/latex/base/atveryend-ltx.sty
Package: atveryend-ltx 2020/08/19 v1.0a Emulation of the original atveryend package
with kernel methods
) (/home/runner/.TinyTeX/texmf-dist/tex/generic/uniquecounter/uniquecounter.sty
Package: uniquecounter 2019/12/15 v1.4 Provide unlimited unique counter (HO)
)
Package uniquecounter Info: New unique counter `rerunfilecheck' on input line 285.
)
\Hy@SectionHShift=\skip64
) (/home/runner/.TinyTeX/texmf-dist/tex/latex/bookmark/bkm-dvipdfm.def
File: bkm-dvipdfm.def 2023-12-10 v1.31 bookmark driver for dvipdfm (HO)
\BKM@id=\count325
)) (./sequencing_intro.aux)
\openout1 = `sequencing_intro.aux'.

LaTeX Font Info:    Checking defaults for OML/cmm/m/it on input line 123.
LaTeX Font Info:    ... okay on input line 123.
LaTeX Font Info:    Checking defaults for OMS/cmsy/m/n on input line 123.
LaTeX Font Info:    ... okay on input line 123.
LaTeX Font Info:    Checking defaults for OT1/cmr/m/n on input line 123.
LaTeX Font Info:    ... okay on input line 123.
LaTeX Font Info:    Checking defaults for T1/cmr/m/n on input line 123.
LaTeX Font Info:    ... okay on input line 123.
LaTeX Font Info:    Checking defaults for TS1/cmr/m/n on input line 123.
LaTeX Font Info:    ... okay on input line 123.
LaTeX Font Info:    Checking defaults for TU/lmr/m/n on input line 123.
LaTeX Font Info:    ... okay on input line 123.
LaTeX Font Info:    Checking defaults for OMX/cmex/m/n on input line 123.
LaTeX Font Info:    ... okay on input line 123.
LaTeX Font Info:    Checking defaults for U/cmr/m/n on input line 123.
LaTeX Font Info:    ... okay on input line 123.
LaTeX Font Info:    Checking defaults for PD1/pdf/m/n on input line 123.
LaTeX Font Info:    ... okay on input line 123.
LaTeX Font Info:    Checking defaults for PU/pdf/m/n on input line 123.
LaTeX Font Info:    ... okay on input line 123.
LaTeX Font Info:    Overwriting math alphabet `\mathrm' in version `normal'
(Font)                  OT1/lmr/m/n --> TU/lmr/m/n on input line 123.
LaTeX Font Info:    Overwriting math alphabet `\mathit' in version `normal'
(Font)                  OT1/lmr/m/it --> TU/lmr/m/it on input line 123.
LaTeX Font Info:    Overwriting math alphabet `\mathbf' in version `normal'
(Font)                  OT1/lmr/bx/n --> TU/lmr/bx/n on input line 123.
LaTeX Font Info:    Overwriting math alphabet `\mathsf' in version `normal'
(Font)                  OT1/lmss/m/n --> TU/lmss/m/n on input line 123.
LaTeX Font Info:    Overwriting math alphabet `\mathsf' in version `bold'
(Font)                  OT1/lmss/bx/n --> TU/lmss/bx/n on input line 123.
LaTeX Font Info:    Overwriting math alphabet `\mathtt' in version `normal'
(Font)                  OT1/lmtt/m/n --> TU/lmtt/m/n on input line 123.
LaTeX Font Info:    Overwriting math alphabet `\mathtt' in version `bold'
(Font)                  OT1/lmtt/m/n --> TU/lmtt/bx/n on input line 123.

Package fontspec Info: 
(fontspec)             latinmodern-math scale = 0.9999964596882403.


Package fontspec Info: 
(fontspec)             latinmodern-math scale = 0.9999964596882403.


Package fontspec Info: 
(fontspec)             latinmodern-math scale = 0.9999964596882403.


Package fontspec Info: 
(fontspec)             Font family 'latinmodern-math.otf(0)' created for font
(fontspec)             'latinmodern-math.otf' with options
(fontspec)             [Scale=MatchLowercase,BoldItalicFont={},ItalicFont={},SmallCapsFont={},Script=Math,BoldFont={latinmodern-math.otf}].
(fontspec)              
(fontspec)              This font family consists of the following NFSS
(fontspec)             series/shapes:
(fontspec)              
(fontspec)             - 'normal' (m/n) with NFSS spec.:
(fontspec)             <->s*[0.9999964596882403]"[latinmodern-math.otf]/OT:script=math;language=dflt;"
(fontspec)             - 'bold' (b/n) with NFSS spec.:
(fontspec)             <->s*[0.9999964596882403]"[latinmodern-math.otf]/OT:script=math;language=dflt;"

LaTeX Font Info:    Font shape `TU/latinmodern-math.otf(0)/m/n' will be
(Font)              scaled to size 10.0pt on input line 123.

Package fontspec Info: 
(fontspec)             latinmodern-math scale = 0.9999964596882403.


Package fontspec Info: 
(fontspec)             latinmodern-math scale = 0.9999964596882403.


Package fontspec Info: 
(fontspec)             latinmodern-math scale = 0.9999964596882403.


Package fontspec Info: 
(fontspec)             latinmodern-math scale = 0.9999964596882403.


Package fontspec Info: 
(fontspec)             latinmodern-math scale = 0.9999964596882403.


Package fontspec Info: 
(fontspec)             Font family 'latinmodern-math.otf(1)' created for font
(fontspec)             'latinmodern-math.otf' with options
(fontspec)             [Scale=MatchLowercase,BoldItalicFont={},ItalicFont={},SmallCapsFont={},Script=Math,SizeFeatures={{Size=8.5-},{Size=6-8.5,Font=latinmodern-math.otf,Style=MathScript},{Size=-6,Font=latinmodern-math.otf,Style=MathScriptScript}},BoldFont={latinmodern-math.otf}].
(fontspec)              
(fontspec)              This font family consists of the following NFSS
(fontspec)             series/shapes:
(fontspec)              
(fontspec)             - 'normal' (m/n) with NFSS spec.:
(fontspec)             <8.5->s*[0.9999964596882403]"[latinmodern-math.otf]/OT:script=math;language=dflt;"<6-8.5>s*[0.9999964596882403]"[latinmodern-math.otf]/OT:script=math;language=dflt;+ssty=0;"<-6>s*[0.9999964596882403]"[latinmodern-math.otf]/OT:script=math;language=dflt;+ssty=1;"
(fontspec)             - 'bold' (b/n) with NFSS spec.:
(fontspec)             <->s*[0.9999964596882403]"[latinmodern-math.otf]/OT:script=math;language=dflt;"

LaTeX Font Info:    Font shape `TU/latinmodern-math.otf(1)/m/n' will be
(Font)              scaled to size 10.0pt on input line 123.
LaTeX Font Info:    Encoding `OT1' has changed to `TU' for symbol font
(Font)              `operators' in the math version `normal' on input line 123.
LaTeX Font Info:    Overwriting symbol font `operators' in version `normal'
(Font)                  OT1/lmr/m/n --> TU/latinmodern-math.otf(1)/m/n on input line 123.
LaTeX Font Info:    Encoding `OT1' has changed to `TU' for symbol font
(Font)              `operators' in the math version `bold' on input line 123.
LaTeX Font Info:    Overwriting symbol font `operators' in version `bold'
(Font)                  OT1/lmr/bx/n --> TU/latinmodern-math.otf(1)/b/n on input line 123.

Package fontspec Info: 
(fontspec)             latinmodern-math scale = 0.9999964596882403.


Package fontspec Info: 
(fontspec)             latinmodern-math scale = 1.000096459334209.


Package fontspec Info: 
(fontspec)             latinmodern-math scale = 0.9999964596882403.


Package fontspec Info: 
(fontspec)             latinmodern-math scale = 1.000096459334209.


Package fontspec Info: 
(fontspec)             latinmodern-math scale = 0.9999964596882403.


Package fontspec Info: 
(fontspec)             latinmodern-math scale = 1.000096459334209.


Package fontspec Info: 
(fontspec)             latinmodern-math scale = 0.9999964596882403.


Package fontspec Info: 
(fontspec)             latinmodern-math scale = 1.000096459334209.


Package fontspec Info: 
(fontspec)             latinmodern-math scale = 0.9999964596882403.


Package fontspec Info: 
(fontspec)             latinmodern-math scale = 1.000096459334209.


Package fontspec Info: 
(fontspec)             Font family 'latinmodern-math.otf(2)' created for font
(fontspec)             'latinmodern-math.otf' with options
(fontspec)             [Scale=MatchLowercase,BoldItalicFont={},ItalicFont={},SmallCapsFont={},Script=Math,SizeFeatures={{Size=8.5-},{Size=6-8.5,Font=latinmodern-math.otf,Style=MathScript},{Size=-6,Font=latinmodern-math.otf,Style=MathScriptScript}},BoldFont={latinmodern-math.otf},ScaleAgain=1.0001,FontAdjustment={\fontdimen
(fontspec)             8\font =6.77pt\relax \fontdimen 9\font =3.94pt\relax
(fontspec)             \fontdimen 10\font =4.44pt\relax \fontdimen 11\font
(fontspec)             =6.86pt\relax \fontdimen 12\font =3.45pt\relax
(fontspec)             \fontdimen 13\font =3.63pt\relax \fontdimen 14\font
(fontspec)             =3.63pt\relax \fontdimen 15\font =2.89pt\relax
(fontspec)             \fontdimen 16\font =2.47pt\relax \fontdimen 17\font
(fontspec)             =2.47pt\relax \fontdimen 18\font =2.5pt\relax
(fontspec)             \fontdimen 19\font =2.0pt\relax \fontdimen 22\font
(fontspec)             =2.5pt\relax \fontdimen 20\font =0pt\relax \fontdimen
(fontspec)             21\font =0pt\relax }].
(fontspec)              
(fontspec)              This font family consists of the following NFSS
(fontspec)             series/shapes:
(fontspec)              
(fontspec)             - 'normal' (m/n) with NFSS spec.:
(fontspec)             <8.5->s*[1.000096459334209]"[latinmodern-math.otf]/OT:script=math;language=dflt;"<6-8.5>s*[1.000096459334209]"[latinmodern-math.otf]/OT:script=math;language=dflt;+ssty=0;"<-6>s*[1.000096459334209]"[latinmodern-math.otf]/OT:script=math;language=dflt;+ssty=1;"
(fontspec)             - 'bold' (b/n) with NFSS spec.:
(fontspec)             <->s*[1.000096459334209]"[latinmodern-math.otf]/OT:script=math;language=dflt;"

LaTeX Font Info:    Encoding `OMS' has changed to `TU' for symbol font
(Font)              `symbols' in the math version `normal' on input line 123.
LaTeX Font Info:    Overwriting symbol font `symbols' in version `normal'
(Font)                  OMS/lmsy/m/n --> TU/latinmodern-math.otf(2)/m/n on input line 123.
LaTeX Font Info:    Encoding `OMS' has changed to `TU' for symbol font
(Font)              `symbols' in the math version `bold' on input line 123.
LaTeX Font Info:    Overwriting symbol font `symbols' in version `bold'
(Font)                  OMS/lmsy/b/n --> TU/latinmodern-math.otf(2)/b/n on input line 123.

Package fontspec Info: 
(fontspec)             latinmodern-math scale = 0.9999964596882403.


Package fontspec Info: 
(fontspec)             latinmodern-math scale = 0.9998964600422715.


Package fontspec Info: 
(fontspec)             latinmodern-math scale = 0.9999964596882403.


Package fontspec Info: 
(fontspec)             latinmodern-math scale = 0.9998964600422715.


Package fontspec Info: 
(fontspec)             latinmodern-math scale = 0.9999964596882403.


Package fontspec Info: 
(fontspec)             latinmodern-math scale = 0.9998964600422715.


Package fontspec Info: 
(fontspec)             latinmodern-math scale = 0.9999964596882403.


Package fontspec Info: 
(fontspec)             latinmodern-math scale = 0.9998964600422715.


Package fontspec Info: 
(fontspec)             latinmodern-math scale = 0.9999964596882403.


Package fontspec Info: 
(fontspec)             latinmodern-math scale = 0.9998964600422715.


Package fontspec Info: 
(fontspec)             Font family 'latinmodern-math.otf(3)' created for font
(fontspec)             'latinmodern-math.otf' with options
(fontspec)             [Scale=MatchLowercase,BoldItalicFont={},ItalicFont={},SmallCapsFont={},Script=Math,SizeFeatures={{Size=8.5-},{Size=6-8.5,Font=latinmodern-math.otf,Style=MathScript},{Size=-6,Font=latinmodern-math.otf,Style=MathScriptScript}},BoldFont={latinmodern-math.otf},ScaleAgain=0.9999,FontAdjustment={\fontdimen
(fontspec)             8\font =0.4pt\relax \fontdimen 9\font =2.0pt\relax
(fontspec)             \fontdimen 10\font =1.67pt\relax \fontdimen 11\font
(fontspec)             =1.11pt\relax \fontdimen 12\font =6.0pt\relax
(fontspec)             \fontdimen 13\font =0pt\relax }].
(fontspec)              
(fontspec)              This font family consists of the following NFSS
(fontspec)             series/shapes:
(fontspec)              
(fontspec)             - 'normal' (m/n) with NFSS spec.:
(fontspec)             <8.5->s*[0.9998964600422715]"[latinmodern-math.otf]/OT:script=math;language=dflt;"<6-8.5>s*[0.9998964600422715]"[latinmodern-math.otf]/OT:script=math;language=dflt;+ssty=0;"<-6>s*[0.9998964600422715]"[latinmodern-math.otf]/OT:script=math;language=dflt;+ssty=1;"
(fontspec)             - 'bold' (b/n) with NFSS spec.:
(fontspec)             <->s*[0.9998964600422715]"[latinmodern-math.otf]/OT:script=math;language=dflt;"

LaTeX Font Info:    Encoding `OMX' has changed to `TU' for symbol font
(Font)              `largesymbols' in the math version `normal' on input line 123.
LaTeX Font Info:    Overwriting symbol font `largesymbols' in version `normal'
(Font)                  OMX/lmex/m/n --> TU/latinmodern-math.otf(3)/m/n on input line 123.
LaTeX Font Info:    Encoding `OMX' has changed to `TU' for symbol font
(Font)              `largesymbols' in the math version `bold' on input line 123.
LaTeX Font Info:    Overwriting symbol font `largesymbols' in version `bold'
(Font)                  OMX/lmex/m/n --> TU/latinmodern-math.otf(3)/b/n on input line 123.
*geometry* driver: auto-detecting
*geometry* detected driver: xetex
*geometry* verbose mode - [ preamble ] result:
* driver: xetex
* paper: <default>
* layout: <same size as paper>
* layoutoffset:(h,v)=(0.0pt,0.0pt)
* modes: 
* h-part:(L,W,R)=(72.26999pt, 469.75502pt, 72.26999pt)
* v-part:(T,H,B)=(72.26999pt, 650.43001pt, 72.26999pt)
* \paperwidth=614.295pt
* \paperheight=794.96999pt
* \textwidth=469.75502pt
* \textheight=650.43001pt
* \oddsidemargin=0.0pt
* \evensidemargin=0.0pt
* \topmargin=-37.0pt
* \headheight=12.0pt
* \headsep=25.0pt
* \topskip=10.0pt
* \footskip=30.0pt
* \marginparwidth=65.0pt
* \marginparsep=11.0pt
* \columnsep=10.0pt
* \skip\footins=9.0pt plus 4.0pt minus 2.0pt
* \hoffset=0.0pt
* \voffset=0.0pt
* \mag=1000
* \@twocolumnfalse
* \@twosidefalse
* \@mparswitchfalse
* \@reversemarginfalse
* (1in=72.27pt=25.4mm, 1cm=28.453pt)

Package hyperref Info: Link coloring OFF on input line 123.
LaTeX Font Info:    Font shape `TU/latinmodern-math.otf(1)/m/n' will be
(Font)              scaled to size 12.0pt on input line 125.
LaTeX Font Info:    Font shape `TU/latinmodern-math.otf(1)/m/n' will be
(Font)              scaled to size 8.0pt on input line 125.
LaTeX Font Info:    Font shape `TU/latinmodern-math.otf(1)/m/n' will be
(Font)              scaled to size 6.0pt on input line 125.
LaTeX Font Info:    Trying to load font information for OML+lmm on input line 125.
(/home/runner/.TinyTeX/texmf-dist/tex/latex/lm/omllmm.fd
File: omllmm.fd 2015/05/01 v1.6.1 Font defs for Latin Modern
)
LaTeX Font Info:    Font shape `TU/latinmodern-math.otf(2)/m/n' will be
(Font)              scaled to size 12.0011pt on input line 125.
LaTeX Font Info:    Font shape `TU/latinmodern-math.otf(2)/m/n' will be
(Font)              scaled to size 8.00073pt on input line 125.
LaTeX Font Info:    Font shape `TU/latinmodern-math.otf(2)/m/n' will be
(Font)              scaled to size 6.00055pt on input line 125.
LaTeX Font Info:    Font shape `TU/latinmodern-math.otf(3)/m/n' will be
(Font)              scaled to size 11.99872pt on input line 125.
LaTeX Font Info:    Font shape `TU/latinmodern-math.otf(3)/m/n' will be
(Font)              scaled to size 7.99915pt on input line 125.
LaTeX Font Info:    Font shape `TU/latinmodern-math.otf(3)/m/n' will be
(Font)              scaled to size 5.99936pt on input line 125.
LaTeX Font Info:    Trying to load font information for U+msa on input line 125.
(/home/runner/.TinyTeX/texmf-dist/tex/latex/amsfonts/umsa.fd
File: umsa.fd 2013/01/14 v3.01 AMS symbols A
)
LaTeX Font Info:    Trying to load font information for U+msb on input line 125.
(/home/runner/.TinyTeX/texmf-dist/tex/latex/amsfonts/umsb.fd
File: umsb.fd 2013/01/14 v3.01 AMS symbols B
) (./sequencing_intro.toc
LaTeX Font Info:    Font shape `TU/latinmodern-math.otf(1)/m/n' will be
(Font)              scaled to size 7.0pt on input line 2.
LaTeX Font Info:    Font shape `TU/latinmodern-math.otf(1)/m/n' will be
(Font)              scaled to size 5.0pt on input line 2.
LaTeX Font Info:    Font shape `TU/latinmodern-math.otf(2)/m/n' will be
(Font)              scaled to size 10.00092pt on input line 2.
LaTeX Font Info:    Font shape `TU/latinmodern-math.otf(2)/m/n' will be
(Font)              scaled to size 7.00064pt on input line 2.
LaTeX Font Info:    Font shape `TU/latinmodern-math.otf(2)/m/n' will be
(Font)              scaled to size 5.00046pt on input line 2.
LaTeX Font Info:    Font shape `TU/latinmodern-math.otf(3)/m/n' will be
(Font)              scaled to size 9.99893pt on input line 2.
LaTeX Font Info:    Font shape `TU/latinmodern-math.otf(3)/m/n' will be
(Font)              scaled to size 6.99925pt on input line 2.
LaTeX Font Info:    Font shape `TU/latinmodern-math.otf(3)/m/n' will be
(Font)              scaled to size 4.99947pt on input line 2.
)
\tf@toc=\write4
\openout4 = `sequencing_intro.toc'.

LaTeX Font Info:    Font shape `TU/lmtt/bx/n' in size <10> not available
(Font)              Font shape `TU/lmtt/b/n' tried instead on input line 150.
File: ./images_sequencing/centralParadigm.png Graphic file (type bmp)
<./images_sequencing/centralParadigm.png>

Overfull \hbox (241.96027pt too wide) in paragraph at lines 155--155
[][] 
 []



[1

]

[2]
File: ./images_sequencing/alternative_splicing.png Graphic file (type bmp)
<./images_sequencing/alternative_splicing.png>

Overfull \hbox (534.02316pt too wide) in paragraph at lines 167--167
[][] 
 []

File: ./images_sequencing/seqTechnology_throughput.png Graphic file (type bmp)
<./images_sequencing/seqTechnology_throughput.png>

Overfull \hbox (230.93951pt too wide) in paragraph at lines 197--197
[][] 
 []

File: ./images_sequencing/seqWorkflow3.png Graphic file (type bmp)
<./images_sequencing/seqWorkflow3.png>
File: ./images_sequencing/illuminaSeq-step1-6.jpg Graphic file (type bmp)
<./images_sequencing/illuminaSeq-step1-6.jpg>

Overfull \hbox (9.05447pt too wide) in paragraph at lines 210--210
[][] 
 []


LaTeX Warning: Float too large for page by 2.69565pt on input line 211.

File: ./images_sequencing/illuminaSeq-step7-12.jpg Graphic file (type bmp)
<./images_sequencing/illuminaSeq-step7-12.jpg>

Overfull \hbox (9.81464pt too wide) in paragraph at lines 213--213
[][] 
 []


LaTeX Warning: Float too large for page by 23.03236pt on input line 214.

File: ./images_sequencing/singleEndVsPairedEnd.png Graphic file (type bmp)
<./images_sequencing/singleEndVsPairedEnd.png>

Overfull \hbox (1623.67014pt too wide) in paragraph at lines 219--219
[][] 
 []


LaTeX Warning: Float too large for page by 48.5209pt on input line 220.



[3]

[4]

[5]

[6]

[7]

[8]
File: ./images_sequencing/seqWorkflow1_clean.png Graphic file (type bmp)
<./images_sequencing/seqWorkflow1_clean.png>

Overfull \hbox (355.36784pt too wide) in paragraph at lines 275--275
[][] 
 []

File: ./images_sequencing/fastqLine.pdf Graphic file (type pdf)
<use ./images_sequencing/fastqLine.pdf>

Overfull \hbox (686.60332pt too wide) in paragraph at lines 329--329
[][] 
 []


LaTeX Warning: Float too large for page by 24.08157pt on input line 330.



[9]

[10]
Overfull \hbox (22.24498pt too wide) in alignment at lines 400--402
 [] [] [] [] [] [] [] [] [] [] [] [] [] [] [] [] [] [] [] [] [] [] [] [] [] [] [] [] [] [] [] [] [] [] [] [] [] [] [] [] [] [] 
 []


Overfull \hbox (22.24498pt too wide) in alignment at lines 402--404
 [] [] [] [] [] [] [] [] [] [] [] [] [] [] [] [] [] [] [] [] [] [] [] [] [] [] [] [] [] [] [] [] [] [] [] [] [] [] [] [] [] [] 
 []


Overfull \hbox (28.11649pt too wide) in paragraph at lines 405--405
[]|\TU/lmr/m/n/10 Phred|  
 []


Overfull \hbox (5.49828pt too wide) in paragraph at lines 405--405
[]|\TU/lmr/m/n/10 0|  
 []


Overfull \hbox (5.49828pt too wide) in paragraph at lines 405--405
[]|\TU/lmr/m/n/10 1|  
 []


Overfull \hbox (5.49828pt too wide) in paragraph at lines 405--405
[]|\TU/lmr/m/n/10 2|  
 []


Overfull \hbox (5.49828pt too wide) in paragraph at lines 405--405
[]|\TU/lmr/m/n/10 3|  
 []


Overfull \hbox (5.49828pt too wide) in paragraph at lines 405--405
[]|\TU/lmr/m/n/10 4|  
 []


Overfull \hbox (5.49828pt too wide) in paragraph at lines 405--405
[]|\TU/lmr/m/n/10 5|  
 []


Overfull \hbox (5.49828pt too wide) in paragraph at lines 405--405
[]|\TU/lmr/m/n/10 6|  
 []


Overfull \hbox (5.49828pt too wide) in paragraph at lines 405--405
[]|\TU/lmr/m/n/10 7|  
 []


Overfull \hbox (5.49828pt too wide) in paragraph at lines 405--405
[]|\TU/lmr/m/n/10 8|  
 []


Overfull \hbox (5.49828pt too wide) in paragraph at lines 405--405
[]|\TU/lmr/m/n/10 9|  
 []


Overfull \hbox (10.49828pt too wide) in paragraph at lines 405--405
[]|\TU/lmr/m/n/10 10|  
 []


Overfull \hbox (10.49828pt too wide) in paragraph at lines 405--405
[]|\TU/lmr/m/n/10 11|  
 []


Overfull \hbox (10.49828pt too wide) in paragraph at lines 405--405
[]|\TU/lmr/m/n/10 12|  
 []


Overfull \hbox (10.49828pt too wide) in paragraph at lines 405--405
[]|\TU/lmr/m/n/10 13|  
 []


Overfull \hbox (10.49828pt too wide) in paragraph at lines 405--405
[]|\TU/lmr/m/n/10 14|  
 []


Overfull \hbox (10.49828pt too wide) in paragraph at lines 406--406
[]|\TU/lmr/m/n/10 15|  
 []


Overfull \hbox (10.49828pt too wide) in paragraph at lines 406--406
[]|\TU/lmr/m/n/10 16|  
 []


Overfull \hbox (10.49828pt too wide) in paragraph at lines 406--406
[]|\TU/lmr/m/n/10 17|  
 []


Overfull \hbox (10.49828pt too wide) in paragraph at lines 406--406
[]|\TU/lmr/m/n/10 18|  
 []


Overfull \hbox (10.49828pt too wide) in paragraph at lines 406--406
[]|\TU/lmr/m/n/10 19|  
 []


Overfull \hbox (10.49828pt too wide) in paragraph at lines 406--406
[]|\TU/lmr/m/n/10 20|  
 []


Overfull \hbox (10.49828pt too wide) in paragraph at lines 406--406
[]|\TU/lmr/m/n/10 21|  
 []


Overfull \hbox (10.49828pt too wide) in paragraph at lines 406--406
[]|\TU/lmr/m/n/10 22|  
 []


Overfull \hbox (10.49828pt too wide) in paragraph at lines 406--406
[]|\TU/lmr/m/n/10 23|  
 []


Overfull \hbox (10.49828pt too wide) in paragraph at lines 406--406
[]|\TU/lmr/m/n/10 24|  
 []


Overfull \hbox (10.49828pt too wide) in paragraph at lines 406--406
[]|\TU/lmr/m/n/10 25|  
 []


Overfull \hbox (10.49828pt too wide) in paragraph at lines 406--406
[]|\TU/lmr/m/n/10 26|  
 []


Overfull \hbox (10.49828pt too wide) in paragraph at lines 406--406
[]|\TU/lmr/m/n/10 27|  
 []


Overfull \hbox (10.49828pt too wide) in paragraph at lines 406--406
[]|\TU/lmr/m/n/10 28|  
 []


Overfull \hbox (10.49828pt too wide) in paragraph at lines 406--407
[]|\TU/lmr/m/n/10 29|  
 []


Overfull \hbox (10.49828pt too wide) in paragraph at lines 407--407
[]|\TU/lmr/m/n/10 30|  
 []


Overfull \hbox (10.49828pt too wide) in paragraph at lines 407--407
[]|\TU/lmr/m/n/10 31|  
 []


Overfull \hbox (10.49828pt too wide) in paragraph at lines 407--407
[]|\TU/lmr/m/n/10 32|  
 []


Overfull \hbox (10.49828pt too wide) in paragraph at lines 407--407
[]|\TU/lmr/m/n/10 33|  
 []


Overfull \hbox (10.49828pt too wide) in paragraph at lines 407--407
[]|\TU/lmr/m/n/10 34|  
 []


Overfull \hbox (10.49828pt too wide) in paragraph at lines 407--407
[]|\TU/lmr/m/n/10 35|  
 []


Overfull \hbox (10.49828pt too wide) in paragraph at lines 407--407
[]|\TU/lmr/m/n/10 36|  
 []


Overfull \hbox (10.49828pt too wide) in paragraph at lines 407--407
[]|\TU/lmr/m/n/10 37|  
 []


Overfull \hbox (10.49828pt too wide) in paragraph at lines 407--407
[]|\TU/lmr/m/n/10 38|  
 []


Overfull \hbox (10.49828pt too wide) in paragraph at lines 407--407
[]|\TU/lmr/m/n/10 39|  
 []


Overfull \hbox (10.49828pt too wide) in paragraph at lines 407--408
[]|\TU/lmr/m/n/10 40|  
 []


Overfull \hbox (28.11649pt too wide) in paragraph at lines 408--408
[]|\TU/lmr/m/n/10 Phred 
 []


Overfull \hbox (9.60648pt too wide) in paragraph at lines 408--408
\TU/lmr/m/n/10 + 
 []


Overfull \hbox (11.82648pt too wide) in paragraph at lines 408--408
\TU/lmr/m/n/10 33|  
 []


Overfull \hbox (10.49828pt too wide) in paragraph at lines 408--408
[]|\TU/lmr/m/n/10 33|  
 []


Overfull \hbox (10.49828pt too wide) in paragraph at lines 408--408
[]|\TU/lmr/m/n/10 34|  
 []


Overfull \hbox (10.49828pt too wide) in paragraph at lines 408--408
[]|\TU/lmr/m/n/10 35|  
 []


Overfull \hbox (10.49828pt too wide) in paragraph at lines 408--408
[]|\TU/lmr/m/n/10 36|  
 []


Overfull \hbox (10.49828pt too wide) in paragraph at lines 408--408
[]|\TU/lmr/m/n/10 37|  
 []


Overfull \hbox (10.49828pt too wide) in paragraph at lines 408--408
[]|\TU/lmr/m/n/10 38|  
 []


Overfull \hbox (10.49828pt too wide) in paragraph at lines 408--408
[]|\TU/lmr/m/n/10 39|  
 []


Overfull \hbox (10.49828pt too wide) in paragraph at lines 408--408
[]|\TU/lmr/m/n/10 40|  
 []


Overfull \hbox (10.49828pt too wide) in paragraph at lines 408--408
[]|\TU/lmr/m/n/10 41|  
 []


Overfull \hbox (10.49828pt too wide) in paragraph at lines 408--408
[]|\TU/lmr/m/n/10 42|  
 []


Overfull \hbox (10.49828pt too wide) in paragraph at lines 408--408
[]|\TU/lmr/m/n/10 43|  
 []


Overfull \hbox (10.49828pt too wide) in paragraph at lines 408--408
[]|\TU/lmr/m/n/10 44|  
 []


Overfull \hbox (10.49828pt too wide) in paragraph at lines 409--409
[]|\TU/lmr/m/n/10 45|  
 []


Overfull \hbox (10.49828pt too wide) in paragraph at lines 409--409
[]|\TU/lmr/m/n/10 46|  
 []


Overfull \hbox (10.49828pt too wide) in paragraph at lines 409--409
[]|\TU/lmr/m/n/10 47|  
 []


Overfull \hbox (10.49828pt too wide) in paragraph at lines 409--409
[]|\TU/lmr/m/n/10 48|  
 []


Overfull \hbox (10.49828pt too wide) in paragraph at lines 409--409
[]|\TU/lmr/m/n/10 49|  
 []


Overfull \hbox (10.49828pt too wide) in paragraph at lines 409--409
[]|\TU/lmr/m/n/10 50|  
 []


Overfull \hbox (10.49828pt too wide) in paragraph at lines 409--409
[]|\TU/lmr/m/n/10 51|  
 []


Overfull \hbox (10.49828pt too wide) in paragraph at lines 409--409
[]|\TU/lmr/m/n/10 52|  
 []


Overfull \hbox (10.49828pt too wide) in paragraph at lines 409--409
[]|\TU/lmr/m/n/10 53|  
 []


Overfull \hbox (10.49828pt too wide) in paragraph at lines 409--409
[]|\TU/lmr/m/n/10 54|  
 []


Overfull \hbox (10.49828pt too wide) in paragraph at lines 409--409
[]|\TU/lmr/m/n/10 55|  
 []


Overfull \hbox (10.49828pt too wide) in paragraph at lines 409--409
[]|\TU/lmr/m/n/10 56|  
 []


Overfull \hbox (10.49828pt too wide) in paragraph at lines 409--409
[]|\TU/lmr/m/n/10 57|  
 []


Overfull \hbox (10.49828pt too wide) in paragraph at lines 409--409
[]|\TU/lmr/m/n/10 58|  
 []


Overfull \hbox (10.49828pt too wide) in paragraph at lines 409--410
[]|\TU/lmr/m/n/10 59|  
 []


Overfull \hbox (10.49828pt too wide) in paragraph at lines 410--410
[]|\TU/lmr/m/n/10 60|  
 []


Overfull \hbox (10.49828pt too wide) in paragraph at lines 410--410
[]|\TU/lmr/m/n/10 61|  
 []


Overfull \hbox (10.49828pt too wide) in paragraph at lines 410--410
[]|\TU/lmr/m/n/10 62|  
 []


Overfull \hbox (10.49828pt too wide) in paragraph at lines 410--410
[]|\TU/lmr/m/n/10 63|  
 []


Overfull \hbox (10.49828pt too wide) in paragraph at lines 410--410
[]|\TU/lmr/m/n/10 64|  
 []


Overfull \hbox (10.49828pt too wide) in paragraph at lines 410--410
[]|\TU/lmr/m/n/10 65|  
 []


Overfull \hbox (10.49828pt too wide) in paragraph at lines 410--410
[]|\TU/lmr/m/n/10 66|  
 []


Overfull \hbox (10.49828pt too wide) in paragraph at lines 410--410
[]|\TU/lmr/m/n/10 67|  
 []


Overfull \hbox (10.49828pt too wide) in paragraph at lines 410--410
[]|\TU/lmr/m/n/10 68|  
 []


Overfull \hbox (10.49828pt too wide) in paragraph at lines 410--410
[]|\TU/lmr/m/n/10 69|  
 []


Overfull \hbox (10.49828pt too wide) in paragraph at lines 410--410
[]|\TU/lmr/m/n/10 70|  
 []


Overfull \hbox (10.49828pt too wide) in paragraph at lines 410--410
[]|\TU/lmr/m/n/10 71|  
 []


Overfull \hbox (10.49828pt too wide) in paragraph at lines 410--410
[]|\TU/lmr/m/n/10 72|  
 []


Overfull \hbox (10.49828pt too wide) in paragraph at lines 410--411
[]|\TU/lmr/m/n/10 73|  
 []


Overfull \hbox (29.60648pt too wide) in paragraph at lines 411--411
[]|\TU/lmr/m/n/10 ASCII|  
 []


Overfull \hbox (3.27827pt too wide) in paragraph at lines 411--411
[]|\TU/lmr/m/n/10 !|  
 []


Overfull \hbox (5.21828pt too wide) in paragraph at lines 411--411
[]|\TU/lmr/m/n/10 ”|  
 []


Overfull \hbox (8.82828pt too wide) in paragraph at lines 411--411
[]|\TU/lmr/m/n/10 #|  
 []


Overfull \hbox (5.49828pt too wide) in paragraph at lines 411--411
[]|\TU/lmr/m/n/10 $|  
 []


Overfull \hbox (8.82828pt too wide) in paragraph at lines 411--411
[]|\TU/lmr/m/n/10 %|  
 []


Overfull \hbox (8.27827pt too wide) in paragraph at lines 411--411
[]|\TU/lmr/m/n/10 &|  
 []


Overfull \hbox (3.27827pt too wide) in paragraph at lines 411--411
[]|\TU/lmr/m/n/10 ’|  
 []


Overfull \hbox (4.38828pt too wide) in paragraph at lines 411--411
[]|\TU/lmr/m/n/10 (|  
 []


Overfull \hbox (4.38828pt too wide) in paragraph at lines 411--411
[]|\TU/lmr/m/n/10 )|  
 []


Overfull \hbox (5.49828pt too wide) in paragraph at lines 411--411
[]|\TU/lmr/m/n/10 *|  
 []


Overfull \hbox (8.27827pt too wide) in paragraph at lines 411--411
[]|\TU/lmr/m/n/10 +|  
 []


Overfull \hbox (3.27827pt too wide) in paragraph at lines 411--411
[]|\TU/lmr/m/n/10 ,|  
 []


Overfull \hbox (3.82828pt too wide) in paragraph at lines 411--411
[]|\TU/lmr/m/n/10 - 
 []


Overfull \hbox (3.27827pt too wide) in paragraph at lines 411--411
[]|\TU/lmr/m/n/10 .|  
 []


Overfull \hbox (5.49828pt too wide) in paragraph at lines 411--411
[]|\TU/lmr/m/n/10 /|  
 []


Overfull \hbox (5.49828pt too wide) in paragraph at lines 412--412
[]|\TU/lmr/m/n/10 0|  
 []


Overfull \hbox (5.49828pt too wide) in paragraph at lines 412--412
[]|\TU/lmr/m/n/10 1|  
 []


Overfull \hbox (5.49828pt too wide) in paragraph at lines 412--412
[]|\TU/lmr/m/n/10 2|  
 []


Overfull \hbox (5.49828pt too wide) in paragraph at lines 412--412
[]|\TU/lmr/m/n/10 3|  
 []


Overfull \hbox (5.49828pt too wide) in paragraph at lines 412--412
[]|\TU/lmr/m/n/10 4|  
 []


Overfull \hbox (5.49828pt too wide) in paragraph at lines 412--412
[]|\TU/lmr/m/n/10 5|  
 []


Overfull \hbox (5.49828pt too wide) in paragraph at lines 412--412
[]|\TU/lmr/m/n/10 6|  
 []


Overfull \hbox (5.49828pt too wide) in paragraph at lines 412--412
[]|\TU/lmr/m/n/10 7|  
 []


Overfull \hbox (5.49828pt too wide) in paragraph at lines 412--412
[]|\TU/lmr/m/n/10 8|  
 []


Overfull \hbox (5.49828pt too wide) in paragraph at lines 412--412
[]|\TU/lmr/m/n/10 9|  
 []


Overfull \hbox (3.27827pt too wide) in paragraph at lines 412--412
[]|\TU/lmr/m/n/10 :|  
 []


Overfull \hbox (3.27827pt too wide) in paragraph at lines 412--412
[]|\TU/lmr/m/n/10 ;|  
 []


Overfull \hbox (8.27827pt too wide) in paragraph at lines 412--412
[]|\TU/lmr/m/n/10 <|  
 []


Overfull \hbox (8.27827pt too wide) in paragraph at lines 412--412
[]|\TU/lmr/m/n/10 =|  
 []


Overfull \hbox (8.27827pt too wide) in paragraph at lines 413--413
[]|\TU/lmr/m/n/10 >|  
 []


Overfull \hbox (5.21828pt too wide) in paragraph at lines 413--413
[]|\TU/lmr/m/n/10 ?|  
 []


Overfull \hbox (8.27827pt too wide) in paragraph at lines 413--413
[]|\TU/lmr/m/n/10 @|  
 []


Overfull \hbox (7.99828pt too wide) in paragraph at lines 413--413
[]|\TU/lmr/m/n/10 A|  
 []


Overfull \hbox (7.57828pt too wide) in paragraph at lines 413--413
[]|\TU/lmr/m/n/10 B|  
 []


Overfull \hbox (7.71828pt too wide) in paragraph at lines 413--413
[]|\TU/lmr/m/n/10 C|  
 []


Overfull \hbox (8.13828pt too wide) in paragraph at lines 413--413
[]|\TU/lmr/m/n/10 D|  
 []


Overfull \hbox (7.30827pt too wide) in paragraph at lines 413--413
[]|\TU/lmr/m/n/10 E|  
 []


Overfull \hbox (7.02827pt too wide) in paragraph at lines 413--413
[]|\TU/lmr/m/n/10 F|  
 []


Overfull \hbox (8.34828pt too wide) in paragraph at lines 413--413
[]|\TU/lmr/m/n/10 G|  
 []


Overfull \hbox (7.99828pt too wide) in paragraph at lines 413--413
[]|\TU/lmr/m/n/10 H|  
 []


Overfull \hbox (4.10828pt too wide) in paragraph at lines 413--414
[]|\TU/lmr/m/n/10 I|  
 []


Overfull \hbox (22.24498pt too wide) in alignment at lines 404--414
 [] [] [] [] [] [] [] [] [] [] [] [] [] [] [] [] [] [] [] [] [] [] [] [] [] [] [] [] [] [] [] [] [] [] [] [] [] [] [] [] [] [] 
 []

File: ./images_sequencing/seqWorkflow2.png Graphic file (type bmp)
<./images_sequencing/seqWorkflow2.png>


[11]
Underfull \hbox (badness 10000) in paragraph at lines 479--481

 []



[12]
File: ./images_sequencing/humanReferenceGenome.pdf Graphic file (type pdf)
<use ./images_sequencing/humanReferenceGenome.pdf>
File: ./images_sequencing/referenceGenome.png Graphic file (type bmp)
<./images_sequencing/referenceGenome.png>

Overfull \hbox (320.24692pt too wide) in paragraph at lines 546--546
[][] 
 []

File: ./images_sequencing/humanReferenceTranscriptome.pdf Graphic file (type pdf)
<use ./images_sequencing/humanReferenceTranscriptome.pdf>
File: ./images_sequencing/gtfFile.png Graphic file (type bmp)
<./images_sequencing/gtfFile.png>

Overfull \hbox (618.3965pt too wide) in paragraph at lines 554--554
[][] 
 []



[13]

[14]
File: ./images_sequencing/splicedAlignment.png Graphic file (type bmp)
<./images_sequencing/splicedAlignment.png>

Overfull \hbox (335.29192pt too wide) in paragraph at lines 616--616
[][] 
 []

File: ./images_sequencing/kallisto_equivalenceClasses.png Graphic file (type bmp)
<./images_sequencing/kallisto_equivalenceClasses.png>

Overfull \hbox (10.09026pt too wide) in paragraph at lines 643--643
[][] 
 []

File: ./images_sequencing/kallisto_equivalenceClasses_caption.png Graphic file (type bmp)
<./images_sequencing/kallisto_equivalenceClasses_caption.png>

Overfull \hbox (70.29712pt too wide) in paragraph at lines 646--646
[][] 
 []



[15]

[16]

[17]

[18]
File: ./images_sequencing/readCounting.png Graphic file (type bmp)
<./images_sequencing/readCounting.png>

Overfull \hbox (397.49017pt too wide) in paragraph at lines 672--672
[][] 
 []


LaTeX Warning: Float too large for page by 24.06392pt on input line 673.

File: ./images_sequencing/abundanceEMAlgorithm.png Graphic file (type bmp)
<./images_sequencing/abundanceEMAlgorithm.png>


[19]

[20]

[21]
File: ./images_sequencing/seqWorkflow3.png Graphic file (type bmp)
<./images_sequencing/seqWorkflow3.png>


[22]

[23] (./sequencing_intro.aux)
 ***********
LaTeX2e <2024-06-01> patch level 2
L3 programming layer <2024-08-30>
 ***********
 ) 
Here is how much of TeX's memory you used:
 17947 strings out of 476234
 335310 string characters out of 5786978
 948992 words of memory out of 5000000
 40265 multiletter control sequences out of 15000+600000
 564512 words of font info for 88 fonts, out of 8000000 for 9000
 14 hyphenation exceptions out of 8191
 90i,6n,123p,712b,461s stack positions out of 10000i,1000n,20000p,200000b,200000s

Output written on sequencing_intro.pdf (23 pages).
